app/build/intermediates/manifest_merge_blame_file/debug/processDebugMainManifest/manifest-merger-blame-debug-report.txt
1<?xml version="1.0" encoding="utf-8"?>
2<manifest xmlns:android="http://schemas.android.com/apk/res/android"
3    package="dev.solsynth.solian"
4    android:versionCode="1"
5    android:versionName="0.0.3" >
6
7    <uses-sdk
7-->INJECTED
8        android:minSdkVersion="26"
8-->INJECTED
9        android:targetSdkVersion="36" />
9-->INJECTED
10
11    <uses-feature android:name="android.hardware.type.watch" />
11-->src/main/AndroidManifest.xml:3:5-64
11-->src/main/AndroidManifest.xml:3:19-61
12    <uses-feature
12-->src/main/AndroidManifest.xml:4:5-91
13        android:name="android.hardware.bluetooth_le"
13-->src/main/AndroidManifest.xml:4:19-63
14        android:required="false" />
14-->src/main/AndroidManifest.xml:4:64-88
15
16    <uses-permission android:name="android.permission.INTERNET" />
16-->src/main/AndroidManifest.xml:6:5-67
16-->src/main/AndroidManifest.xml:6:22-64
17    <uses-permission android:name="android.permission.ACCESS_NETWORK_STATE" />
17-->src/main/AndroidManifest.xml:7:5-79
17-->src/main/AndroidManifest.xml:7:22-76
18    <uses-permission android:name="android.permission.VIBRATE" />
18-->src/main/AndroidManifest.xml:8:5-66
18-->src/main/AndroidManifest.xml:8:22-63
19    <uses-permission android:name="android.permission.WAKE_LOCK" />
19-->src/main/AndroidManifest.xml:9:5-68
19-->src/main/AndroidManifest.xml:9:22-65
20
21    <permission
21-->[androidx.core:core:1.16.0] AndroidManifest.xml:22:5-24:47
22        android:name="dev.solsynth.solian.DYNAMIC_RECEIVER_NOT_EXPORTED_PERMISSION"
22-->[androidx.core:core:1.16.0] AndroidManifest.xml:23:9-81
23        android:protectionLevel="signature" />
23-->[androidx.core:core:1.16.0] AndroidManifest.xml:24:9-44
24
25    <uses-permission android:name="dev.solsynth.solian.DYNAMIC_RECEIVER_NOT_EXPORTED_PERMISSION" />
25-->[androidx.core:core:1.16.0] AndroidManifest.xml:26:5-97
25-->[androidx.core:core:1.16.0] AndroidManifest.xml:26:22-94
26
27    <application
27-->src/main/AndroidManifest.xml:11:5-48:19
28        android:appComponentFactory="androidx.core.app.CoreComponentFactory"
28-->[androidx.core:core:1.16.0] AndroidManifest.xml:28:18-86
29        android:debuggable="true"
30        android:extractNativeLibs="false"
30-->INJECTED
31        android:icon="@mipmap/launcher_icon"
31-->src/main/AndroidManifest.xml:13:9-45
32        android:label="Solian"
32-->src/main/AndroidManifest.xml:12:9-31
33        android:supportsRtl="true"
33-->src/main/AndroidManifest.xml:15:9-35
34        android:testOnly="true"
35        android:usesCleartextTraffic="true" >
35-->src/main/AndroidManifest.xml:14:9-44
36        <activity
36-->src/main/AndroidManifest.xml:17:9-43:20
37            android:name="dev.solsynth.solian.MainActivity"
37-->src/main/AndroidManifest.xml:18:13-41
38            android:exported="true"
38-->src/main/AndroidManifest.xml:19:13-36
39            android:taskAffinity=""
39-->src/main/AndroidManifest.xml:20:13-36
40            android:theme="@android:style/Theme.DeviceDefault.NoActionBar" >
40-->src/main/AndroidManifest.xml:21:13-75
41            <intent-filter>
41-->src/main/AndroidManifest.xml:23:13-26:29
42                <action android:name="android.intent.action.MAIN" />
42-->src/main/AndroidManifest.xml:24:17-69
42-->src/main/AndroidManifest.xml:24:25-66
43
44                <category android:name="android.intent.category.LAUNCHER" />
44-->src/main/AndroidManifest.xml:25:17-77
44-->src/main/AndroidManifest.xml:25:27-74
45            </intent-filter>
46
47            <!-- Deep linking: solian:// scheme -->
48            <intent-filter>
48-->src/main/AndroidManifest.xml:29:13-34:29
49                <action android:name="android.intent.action.VIEW" />
49-->src/main/AndroidManifest.xml:30:17-69
49-->src/main/AndroidManifest.xml:30:25-66
50
51                <category android:name="android.intent.category.DEFAULT" />
51-->src/main/AndroidManifest.xml:31:17-76
51-->src/main/AndroidManifest.xml:31:27-73
52                <category android:name="android.intent.category.BROWSABLE" />
52-->src/main/AndroidManifest.xml:32:17-78
52-->src/main/AndroidManifest.xml:32:27-75
53
54                <data android:scheme="solian" />
54-->src/main/AndroidManifest.xml:33:17-49
54-->src/main/AndroidManifest.xml:33:23-46
55            </intent-filter>
56            <intent-filter android:autoVerify="true" >
56-->src/main/AndroidManifest.xml:36:13-42:29
56-->src/main/AndroidManifest.xml:36:28-53
57                <action android:name="android.intent.action.VIEW" />
57-->src/main/AndroidManifest.xml:30:17-69
57-->src/main/AndroidManifest.xml:30:25-66
58
59                <category android:name="android.intent.category.DEFAULT" />
59-->src/main/AndroidManifest.xml:31:17-76
59-->src/main/AndroidManifest.xml:31:27-73
60                <category android:name="android.intent.category.BROWSABLE" />
60-->src/main/AndroidManifest.xml:32:17-78
60-->src/main/AndroidManifest.xml:32:27-75
61
62                <data
62-->src/main/AndroidManifest.xml:33:17-49
63                    android:host="solian.app"
63-->src/main/AndroidManifest.xml:40:45-70
64                    android:scheme="http" />
64-->src/main/AndroidManifest.xml:33:23-46
65                <data android:scheme="https" />
65-->src/main/AndroidManifest.xml:33:17-49
65-->src/main/AndroidManifest.xml:33:23-46
66            </intent-filter>
67        </activity>
68
69        <meta-data
69-->src/main/AndroidManifest.xml:45:9-47:36
70            android:name="com.google.android.wearable.standalone"
70-->src/main/AndroidManifest.xml:46:13-66
71            android:value="true" />
71-->src/main/AndroidManifest.xml:47:13-33
72
73        <uses-library
73-->[androidx.wear.compose:compose-foundation:1.6.2] AndroidManifest.xml:23:9-25:40
74            android:name="wear-sdk"
74-->[androidx.wear.compose:compose-foundation:1.6.2] AndroidManifest.xml:24:13-36
75            android:required="false" />
75-->[androidx.wear.compose:compose-foundation:1.6.2] AndroidManifest.xml:25:13-37
76
77        <provider
77-->[androidx.emoji2:emoji2:1.4.0] AndroidManifest.xml:24:9-32:20
78            android:name="androidx.startup.InitializationProvider"
78-->[androidx.emoji2:emoji2:1.4.0] AndroidManifest.xml:25:13-67
79            android:authorities="dev.solsynth.solian.androidx-startup"
79-->[androidx.emoji2:emoji2:1.4.0] AndroidManifest.xml:26:13-68
80            android:exported="false" >
80-->[androidx.emoji2:emoji2:1.4.0] AndroidManifest.xml:27:13-37
81            <meta-data
81-->[androidx.emoji2:emoji2:1.4.0] AndroidManifest.xml:29:13-31:52
82                android:name="androidx.emoji2.text.EmojiCompatInitializer"
82-->[androidx.emoji2:emoji2:1.4.0] AndroidManifest.xml:30:17-75
83                android:value="androidx.startup" />
83-->[androidx.emoji2:emoji2:1.4.0] AndroidManifest.xml:31:17-49
84            <meta-data
84-->[androidx.lifecycle:lifecycle-process:2.9.4] AndroidManifest.xml:29:13-31:52
85                android:name="androidx.lifecycle.ProcessLifecycleInitializer"
85-->[androidx.lifecycle:lifecycle-process:2.9.4] AndroidManifest.xml:30:17-78
86                android:value="androidx.startup" />
86-->[androidx.lifecycle:lifecycle-process:2.9.4] AndroidManifest.xml:31:17-49
87            <meta-data
87-->[androidx.profileinstaller:profileinstaller:1.4.0] AndroidManifest.xml:29:13-31:52
88                android:name="androidx.profileinstaller.ProfileInstallerInitializer"
88-->[androidx.profileinstaller:profileinstaller:1.4.0] AndroidManifest.xml:30:17-85
89                android:value="androidx.startup" />
89-->[androidx.profileinstaller:profileinstaller:1.4.0] AndroidManifest.xml:31:17-49
90        </provider>
91
92        <uses-library
92-->[androidx.window:window:1.5.0] AndroidManifest.xml:23:9-25:40
93            android:name="androidx.window.extensions"
93-->[androidx.window:window:1.5.0] AndroidManifest.xml:24:13-54
94            android:required="false" />
94-->[androidx.window:window:1.5.0] AndroidManifest.xml:25:13-37
95        <uses-library
95-->[androidx.window:window:1.5.0] AndroidManifest.xml:26:9-28:40
96            android:name="androidx.window.sidecar"
96-->[androidx.window:window:1.5.0] AndroidManifest.xml:27:13-51
97            android:required="false" />
97-->[androidx.window:window:1.5.0] AndroidManifest.xml:28:13-37
98
99        <receiver
99-->[androidx.profileinstaller:profileinstaller:1.4.0] AndroidManifest.xml:34:9-52:20
100            android:name="androidx.profileinstaller.ProfileInstallReceiver"
100-->[androidx.profileinstaller:profileinstaller:1.4.0] AndroidManifest.xml:35:13-76
101            android:directBootAware="false"
101-->[androidx.profileinstaller:profileinstaller:1.4.0] AndroidManifest.xml:36:13-44
102            android:enabled="true"
102-->[androidx.profileinstaller:profileinstaller:1.4.0] AndroidManifest.xml:37:13-35
103            android:exported="true"
103-->[androidx.profileinstaller:profileinstaller:1.4.0] AndroidManifest.xml:38:13-36
104            android:permission="android.permission.DUMP" >
104-->[androidx.profileinstaller:profileinstaller:1.4.0] AndroidManifest.xml:39:13-57
105            <intent-filter>
105-->[androidx.profileinstaller:profileinstaller:1.4.0] AndroidManifest.xml:40:13-42:29
106                <action android:name="androidx.profileinstaller.action.INSTALL_PROFILE" />
106-->[androidx.profileinstaller:profileinstaller:1.4.0] AndroidManifest.xml:41:17-91
106-->[androidx.profileinstaller:profileinstaller:1.4.0] AndroidManifest.xml:41:25-88
107            </intent-filter>
108            <intent-filter>
108-->[androidx.profileinstaller:profileinstaller:1.4.0] AndroidManifest.xml:43:13-45:29
109                <action android:name="androidx.profileinstaller.action.SKIP_FILE" />
109-->[androidx.profileinstaller:profileinstaller:1.4.0] AndroidManifest.xml:44:17-85
109-->[androidx.profileinstaller:profileinstaller:1.4.0] AndroidManifest.xml:44:25-82
110            </intent-filter>
111            <intent-filter>
111-->[androidx.profileinstaller:profileinstaller:1.4.0] AndroidManifest.xml:46:13-48:29
112                <action android:name="androidx.profileinstaller.action.SAVE_PROFILE" />
112-->[androidx.profileinstaller:profileinstaller:1.4.0] AndroidManifest.xml:47:17-88
112-->[androidx.profileinstaller:profileinstaller:1.4.0] AndroidManifest.xml:47:25-85
113            </intent-filter>
114            <intent-filter>
114-->[androidx.profileinstaller:profileinstaller:1.4.0] AndroidManifest.xml:49:13-51:29
115                <action android:name="androidx.profileinstaller.action.BENCHMARK_OPERATION" />
115-->[androidx.profileinstaller:profileinstaller:1.4.0] AndroidManifest.xml:50:17-95
115-->[androidx.profileinstaller:profileinstaller:1.4.0] AndroidManifest.xml:50:25-92
116            </intent-filter>
117        </receiver>
118    </application>
119
120</manifest>